<?xml version="1.0" encoding="UTF-8"?>
<!-- Generated by org.testng.reporters.JUnitReportReporter -->
<testsuite skipped="0" hostname="Zeeshan-PC" name="seleniumSessions.FindJSErrorsLoggin" tests="1" failures="0" timestamp="16 Apr 2018 06:12:37 GMT" time="44.748" errors="0">
  <testcase name="testMethod" time="44.748" classname="seleniumSessions.FindJSErrorsLoggin"/>
</testsuite> <!-- seleniumSessions.FindJSErrorsLoggin -->
